<?xml version="1.0" encoding="UTF-8"?>
<!-- Generated by org.testng.reporters.JUnitReportReporter -->
<testsuite name="qsp.Demo" tests="1" time="0.000" ignored="0" failures="0" timestamp="07 May 2017 17:43:45 GMT" skipped="0" hostname="LAPTOP-H6NC39J9" errors="0">
  <testcase name="test" time="0.000" classname="qsp.Demo"/>
</testsuite> <!-- qsp.Demo -->
